
Unigraphics NX V12.0 / 2D Exchange

Reading part: D:\A-项目竞赛系列\工创赛2023\智能垃圾分类装配图\工创赛装配图.prt


Writing part: C:\TEMP\48E09286ejz7.prt

Elapsed time   :    0 minutes,  7 seconds
Actual CPU Time:    0 minutes,  6 seconds


 
	 	 Annotation Summary 
 

 
Dimensions in input Part 
-------------------------------------------------------------------------------------------------------------
Linear                                         :	3
-------------------------------------------------------------------------------------------------------------
Total                                          :	3
-------------------------------------------------------------------------------------------------------------

 
Other annotations in input Part 
-------------------------------------------------------------------------------------------------------------
Note                                           :	7
Balloon                                        :	27
-------------------------------------------------------------------------------------------------------------
Total                                          :	34
-------------------------------------------------------------------------------------------------------------

 

Dimensions in output 2D Part 
-------------------------------------------------------------------------------------------------------------
Linear                                         :	2
-------------------------------------------------------------------------------------------------------------
Total                                          :	2
-------------------------------------------------------------------------------------------------------------

INFO-  Following Dimensions Exported As Grouped
-------------------------------------------------------------------------------------------------------------
Type		Dimension Value   View 	 	     Sheet 			   Reason
-------------------------------------------------------------------------------------------------------------
Linear          552.3             Left@4             A3_1                         Tangent association
-------------------------------------------------------------------------------------------------------------

 
Other annotations in output 2D Part 
-------------------------------------------------------------------------------------------------------------
Note                                           :	7
Balloon                                        :	27
-------------------------------------------------------------------------------------------------------------
Total                                          :	34
-------------------------------------------------------------------------------------------------------------
INFO-
INFO-		Unigraphics Version NX V12.0 to AutoCAD 2013
INFO-		
INFO-
INFO-		Running UGTODWG Translator .....
INFO-
INFO-		Start of Translation: Sat Sep 23 16:26:23 2023
INFO-
STATUS-		Converting C:\TEMP\48E09286ejz7.prt
STATUS-
SUMMARY-
SUMMARY-	Summary of Unigraphics Input Entities
SUMMARY-	For Unigraphics File: C:\TEMP\48E09286ejz7.prt
SUMMARY-	------------------------------------------------------------------
SUMMARY-	Entity Type					Count
SUMMARY-	------------------------------------------------------------------
SUMMARY-	Line .....................................:	20129
SUMMARY-	Point ....................................:	30
SUMMARY-	Arc ......................................:	648
SUMMARY-	Circle ...................................:	28
SUMMARY-	Conic ....................................:	70
SUMMARY-	Spline ...................................:	630
SUMMARY-	Group ....................................:	4
SUMMARY-	Note .....................................:	8
SUMMARY-	ID Symbol ................................:	27
SUMMARY-	Cross Hatch ..............................:	2
SUMMARY-	Dimension ................................:	2
SUMMARY-	------------------------------------------------------------------
SUMMARY-	Total ....................................:	21578
SUMMARY-	------------------------------------------------------------------
SUMMARY-
STATUS-
INFO-
INFO-		Writing File: D:\A-项目竞赛系列\工创赛2023\智能垃圾分类装配图\工创赛装配图.dwg
SUMMARY-	Summary of AutoCAD Output Entities
SUMMARY-	------------------------------------------------------------------
SUMMARY-	Entity Type					Count
SUMMARY-	------------------------------------------------------------------
SUMMARY-	Arc ......................................:	648
SUMMARY-	Circle ...................................:	28
SUMMARY-	Dimension ................................:	2
SUMMARY-	Point ....................................:	30
SUMMARY-	Line .....................................:	20263
SUMMARY-	Ellipse ..................................:	70
SUMMARY-	Leader ...................................:	27
SUMMARY-	Polyline .................................:	630
SUMMARY-	Solid 2D .................................:	4
SUMMARY-	Hatch ....................................:	2
SUMMARY-	Multiline Text ...........................:	177
SUMMARY-	Group ....................................:	4
SUMMARY-	Layout ...................................:	6
SUMMARY-	------------------------------------------------------------------
SUMMARY-	Total ....................................:	21894
SUMMARY-	------------------------------------------------------------------
SUMMARY-
INFO-
INFO-		End of Translation: Sat Sep 23 16:26:55 2023
INFO-		Translation CPU time: 0 m, 33 sINFO-
